<?xml version="1.0" encoding="UTF-8"?>
<!-- Generated by org.testng.reporters.JUnitReportReporter -->
<testsuite hostname="CTNL0089" failures="0" tests="2" name="KFCTest.KFCTest_MultiDevices2" time="153.768" errors="2" timestamp="2023-05-12T10:29:48 IST" skipped="0">
  <testcase classname="KFCTest.KFCTest_MultiDevices2" name="MakeAnOrderWithoutLogin" time="66.863">
    <error message="An element could not be located on the page using the given search parameters.
For documentation on this error, please visit: https://www.seleniumhq.org/exceptions/no_such_element.html
Build info: version: &#039;3.141.59&#039;, revision: &#039;e82be7d358&#039;, time: &#039;2018-11-14T08:17:03&#039;
System info: host: &#039;CTNL0089&#039;, ip: &#039;10.173.59.109&#039;, os.name: &#039;Windows 10&#039;, os.arch: &#039;amd64&#039;, os.version: &#039;10.0&#039;, java.version: &#039;15.0.2&#039;
Driver info: io.appium.java_client.android.AndroidDriver
Capabilities {app: /opt/raid-data/data/userV2/..., appActivity: com.cognizantorderserv.kfci..., appPackage: com.yum.kfc, autoGrantPermissions: true, automationName: uiautomator2, databaseEnabled: false, desired: {app: /opt/raid-data/data/userV2/..., appActivity: com.cognizantorderserv.kfci..., appPackage: com.yum.kfc, autoGrantPermissions: true, automationName: uiautomator2, deviceName: 805, launchTimeout: 90000, newCommandTimeout: 600, pCloudy_ApiKey: xrm3kfqx5vgqddzczb3jm83m, pCloudy_ApplicationName: KFC_India.apk, pCloudy_DeviceFullName: GOOGLE_Pixel7Pro_Android_13..., pCloudy_DurationInMinutes: 7, pCloudy_EnableDeviceLogs: false, pCloudy_EnablePerformanceData: false, pCloudy_EnableVideo: true, pCloudy_Username: abhishek.dwivedi@crestechso..., pCloudy_WildNet: false, platformName: android, platformVersion: 13.0.0, systemPort: 30514}, deviceApiLevel: 33, deviceManufacturer: Google, deviceModel: Pixel 7 Pro, deviceName: 2B081FDH3003ZV, deviceScreenDensity: 420, deviceScreenSize: 1440x3120, deviceUDID: 2B081FDH3003ZV, javascriptEnabled: true, launchTimeout: 90000, locationContextEnabled: false, networkConnectionEnabled: true, newCommandTimeout: 600, pCloudy_ApiKey: xrm3kfqx5vgqddzczb3jm83m, pCloudy_ApplicationName: KFC_India.apk, pCloudy_DeviceFullName: GOOGLE_Pixel7Pro_Android_13..., pCloudy_DurationInMinutes: 7, pCloudy_EnableDeviceLogs: false, pCloudy_EnablePerformanceData: false, pCloudy_EnableVideo: true, pCloudy_Username: abhishek.dwivedi@crestechso..., pCloudy_WildNet: false, pixelRatio: 2.625, platform: LINUX, platformName: Android, platformVersion: 13, statBarHeight: 130, systemPort: 30514, takesScreenshot: true, viewportRect: {height: 2734, left: 0, top: 130, width: 1440}, warnings: {}, webStorageEnabled: false}
Session ID: 0d668405-84f3-4622-b225-ef7b89e51f02
*** Element info: {Using=accessibility id, value=Dine In}" type="org.openqa.selenium.NoSuchElementException">
      <![CDATA[org.openqa.selenium.NoSuchElementException: An element could not be located on the page using the given search parameters.
For documentation on this error, please visit: https://www.seleniumhq.org/exceptions/no_such_element.html
Build info: version: '3.141.59', revision: 'e82be7d358', time: '2018-11-14T08:17:03'
System info: host: 'CTNL0089', ip: '10.173.59.109', os.name: 'Windows 10', os.arch: 'amd64', os.version: '10.0', java.version: '15.0.2'
Driver info: io.appium.java_client.android.AndroidDriver
Capabilities {app: /opt/raid-data/data/userV2/..., appActivity: com.cognizantorderserv.kfci..., appPackage: com.yum.kfc, autoGrantPermissions: true, automationName: uiautomator2, databaseEnabled: false, desired: {app: /opt/raid-data/data/userV2/..., appActivity: com.cognizantorderserv.kfci..., appPackage: com.yum.kfc, autoGrantPermissions: true, automationName: uiautomator2, deviceName: 805, launchTimeout: 90000, newCommandTimeout: 600, pCloudy_ApiKey: xrm3kfqx5vgqddzczb3jm83m, pCloudy_ApplicationName: KFC_India.apk, pCloudy_DeviceFullName: GOOGLE_Pixel7Pro_Android_13..., pCloudy_DurationInMinutes: 7, pCloudy_EnableDeviceLogs: false, pCloudy_EnablePerformanceData: false, pCloudy_EnableVideo: true, pCloudy_Username: abhishek.dwivedi@crestechso..., pCloudy_WildNet: false, platformName: android, platformVersion: 13.0.0, systemPort: 30514}, deviceApiLevel: 33, deviceManufacturer: Google, deviceModel: Pixel 7 Pro, deviceName: 2B081FDH3003ZV, deviceScreenDensity: 420, deviceScreenSize: 1440x3120, deviceUDID: 2B081FDH3003ZV, javascriptEnabled: true, launchTimeout: 90000, locationContextEnabled: false, networkConnectionEnabled: true, newCommandTimeout: 600, pCloudy_ApiKey: xrm3kfqx5vgqddzczb3jm83m, pCloudy_ApplicationName: KFC_India.apk, pCloudy_DeviceFullName: GOOGLE_Pixel7Pro_Android_13..., pCloudy_DurationInMinutes: 7, pCloudy_EnableDeviceLogs: false, pCloudy_EnablePerformanceData: false, pCloudy_EnableVideo: true, pCloudy_Username: abhishek.dwivedi@crestechso..., pCloudy_WildNet: false, pixelRatio: 2.625, platform: LINUX, platformName: Android, platformVersion: 13, statBarHeight: 130, systemPort: 30514, takesScreenshot: true, viewportRect: {height: 2734, left: 0, top: 130, width: 1440}, warnings: {}, webStorageEnabled: false}
Session ID: 0d668405-84f3-4622-b225-ef7b89e51f02
*** Element info: {Using=accessibility id, value=Dine In}
at java.base/jdk.internal.reflect.NativeConstructorAccessorImpl.newInstance0(Native Method)
at java.base/jdk.internal.reflect.NativeConstructorAccessorImpl.newInstance(NativeConstructorAccessorImpl.java:64)
at java.base/jdk.internal.reflect.DelegatingConstructorAccessorImpl.newInstance(DelegatingConstructorAccessorImpl.java:45)
at java.base/java.lang.reflect.Constructor.newInstanceWithCaller(Constructor.java:500)
at java.base/java.lang.reflect.Constructor.newInstance(Constructor.java:481)
at org.openqa.selenium.remote.http.W3CHttpResponseCodec.createException(W3CHttpResponseCodec.java:187)
at org.openqa.selenium.remote.http.W3CHttpResponseCodec.decode(W3CHttpResponseCodec.java:122)
at org.openqa.selenium.remote.http.W3CHttpResponseCodec.decode(W3CHttpResponseCodec.java:49)
at org.openqa.selenium.remote.HttpCommandExecutor.execute(HttpCommandExecutor.java:158)
at io.appium.java_client.remote.AppiumCommandExecutor.execute(AppiumCommandExecutor.java:239)
at org.openqa.selenium.remote.RemoteWebDriver.execute(RemoteWebDriver.java:552)
at io.appium.java_client.DefaultGenericMobileDriver.execute(DefaultGenericMobileDriver.java:41)
at io.appium.java_client.AppiumDriver.execute(AppiumDriver.java:1)
at io.appium.java_client.android.AndroidDriver.execute(AndroidDriver.java:1)
at org.openqa.selenium.remote.RemoteWebDriver.findElement(RemoteWebDriver.java:323)
at io.appium.java_client.DefaultGenericMobileDriver.findElement(DefaultGenericMobileDriver.java:61)
at io.appium.java_client.AppiumDriver.findElement(AppiumDriver.java:1)
at io.appium.java_client.android.AndroidDriver.findElement(AndroidDriver.java:1)
at io.appium.java_client.FindsByAccessibilityId.findElementByAccessibilityId(FindsByAccessibilityId.java:37)
at KFCTest.KFCTest_MultiDevices2.MakeAnOrderWithoutLogin(KFCTest_MultiDevices2.java:137)
at java.base/jdk.internal.reflect.NativeMethodAccessorImpl.invoke0(Native Method)
at java.base/jdk.internal.reflect.NativeMethodAccessorImpl.invoke(NativeMethodAccessorImpl.java:64)
at java.base/jdk.internal.reflect.DelegatingMethodAccessorImpl.invoke(DelegatingMethodAccessorImpl.java:43)
at java.base/java.lang.reflect.Method.invoke(Method.java:564)
at org.testng.internal.MethodInvocationHelper.invokeMethod(MethodInvocationHelper.java:133)
at org.testng.internal.TestInvoker.invokeMethod(TestInvoker.java:584)
at org.testng.internal.TestInvoker.invokeTestMethod(TestInvoker.java:172)
at org.testng.internal.MethodRunner.runInSequence(MethodRunner.java:46)
at org.testng.internal.TestInvoker$MethodInvocationAgent.invoke(TestInvoker.java:804)
at org.testng.internal.TestInvoker.invokeTestMethods(TestInvoker.java:145)
at org.testng.internal.TestMethodWorker.invokeTestMethods(TestMethodWorker.java:146)
at org.testng.internal.TestMethodWorker.run(TestMethodWorker.java:128)
at java.base/java.util.ArrayList.forEach(ArrayList.java:1511)
at org.testng.TestRunner.privateRun(TestRunner.java:770)
at org.testng.TestRunner.run(TestRunner.java:591)
at org.testng.SuiteRunner.runTest(SuiteRunner.java:402)
at org.testng.SuiteRunner.access$000(SuiteRunner.java:41)
at org.testng.SuiteRunner$SuiteWorker.run(SuiteRunner.java:443)
at org.testng.internal.thread.ThreadUtil.lambda$execute$0(ThreadUtil.java:67)
at java.base/java.util.concurrent.FutureTask.run(FutureTask.java:264)
at java.base/java.util.concurrent.ThreadPoolExecutor.runWorker(ThreadPoolExecutor.java:1130)
at java.base/java.util.concurrent.ThreadPoolExecutor$Worker.run(ThreadPoolExecutor.java:630)
at java.base/java.lang.Thread.run(Thread.java:832)
]]>
    </error>
  </testcase> <!-- MakeAnOrderWithoutLogin -->
  <testcase classname="KFCTest.KFCTest_MultiDevices2" name="MakeAnOrderWithoutLogin" time="86.905">
    <error message="An element could not be located on the page using the given search parameters.
For documentation on this error, please visit: https://www.seleniumhq.org/exceptions/no_such_element.html
Build info: version: &#039;3.141.59&#039;, revision: &#039;e82be7d358&#039;, time: &#039;2018-11-14T08:17:03&#039;
System info: host: &#039;CTNL0089&#039;, ip: &#039;10.173.59.109&#039;, os.name: &#039;Windows 10&#039;, os.arch: &#039;amd64&#039;, os.version: &#039;10.0&#039;, java.version: &#039;15.0.2&#039;
Driver info: io.appium.java_client.android.AndroidDriver
Capabilities {app: /opt/raid-data/data/userV2/..., appActivity: com.cognizantorderserv.kfci..., appPackage: com.yum.kfc, autoGrantPermissions: true, automationName: uiautomator2, databaseEnabled: false, desired: {app: /opt/raid-data/data/userV2/..., appActivity: com.cognizantorderserv.kfci..., appPackage: com.yum.kfc, autoGrantPermissions: true, automationName: uiautomator2, deviceName: 805, launchTimeout: 90000, newCommandTimeout: 600, pCloudy_ApiKey: xrm3kfqx5vgqddzczb3jm83m, pCloudy_ApplicationName: KFC_India.apk, pCloudy_DeviceFullName: GOOGLE_Pixel7Pro_Android_13..., pCloudy_DurationInMinutes: 7, pCloudy_EnableDeviceLogs: false, pCloudy_EnablePerformanceData: false, pCloudy_EnableVideo: true, pCloudy_Username: abhishek.dwivedi@crestechso..., pCloudy_WildNet: false, platformName: android, platformVersion: 13.0.0, systemPort: 30514}, deviceApiLevel: 33, deviceManufacturer: Google, deviceModel: Pixel 7 Pro, deviceName: 2B081FDH3003ZV, deviceScreenDensity: 420, deviceScreenSize: 1440x3120, deviceUDID: 2B081FDH3003ZV, javascriptEnabled: true, launchTimeout: 90000, locationContextEnabled: false, networkConnectionEnabled: true, newCommandTimeout: 600, pCloudy_ApiKey: xrm3kfqx5vgqddzczb3jm83m, pCloudy_ApplicationName: KFC_India.apk, pCloudy_DeviceFullName: GOOGLE_Pixel7Pro_Android_13..., pCloudy_DurationInMinutes: 7, pCloudy_EnableDeviceLogs: false, pCloudy_EnablePerformanceData: false, pCloudy_EnableVideo: true, pCloudy_Username: abhishek.dwivedi@crestechso..., pCloudy_WildNet: false, pixelRatio: 2.625, platform: LINUX, platformName: Android, platformVersion: 13, statBarHeight: 130, systemPort: 30514, takesScreenshot: true, viewportRect: {height: 2734, left: 0, top: 130, width: 1440}, warnings: {}, webStorageEnabled: false}
Session ID: 0d668405-84f3-4622-b225-ef7b89e51f02
*** Element info: {Using=xpath, value=//android.widget.Button[@content-desc=&#039;Change&#039;]}" type="org.openqa.selenium.NoSuchElementException">
      <![CDATA[org.openqa.selenium.NoSuchElementException: An element could not be located on the page using the given search parameters.
For documentation on this error, please visit: https://www.seleniumhq.org/exceptions/no_such_element.html
Build info: version: '3.141.59', revision: 'e82be7d358', time: '2018-11-14T08:17:03'
System info: host: 'CTNL0089', ip: '10.173.59.109', os.name: 'Windows 10', os.arch: 'amd64', os.version: '10.0', java.version: '15.0.2'
Driver info: io.appium.java_client.android.AndroidDriver
Capabilities {app: /opt/raid-data/data/userV2/..., appActivity: com.cognizantorderserv.kfci..., appPackage: com.yum.kfc, autoGrantPermissions: true, automationName: uiautomator2, databaseEnabled: false, desired: {app: /opt/raid-data/data/userV2/..., appActivity: com.cognizantorderserv.kfci..., appPackage: com.yum.kfc, autoGrantPermissions: true, automationName: uiautomator2, deviceName: 805, launchTimeout: 90000, newCommandTimeout: 600, pCloudy_ApiKey: xrm3kfqx5vgqddzczb3jm83m, pCloudy_ApplicationName: KFC_India.apk, pCloudy_DeviceFullName: GOOGLE_Pixel7Pro_Android_13..., pCloudy_DurationInMinutes: 7, pCloudy_EnableDeviceLogs: false, pCloudy_EnablePerformanceData: false, pCloudy_EnableVideo: true, pCloudy_Username: abhishek.dwivedi@crestechso..., pCloudy_WildNet: false, platformName: android, platformVersion: 13.0.0, systemPort: 30514}, deviceApiLevel: 33, deviceManufacturer: Google, deviceModel: Pixel 7 Pro, deviceName: 2B081FDH3003ZV, deviceScreenDensity: 420, deviceScreenSize: 1440x3120, deviceUDID: 2B081FDH3003ZV, javascriptEnabled: true, launchTimeout: 90000, locationContextEnabled: false, networkConnectionEnabled: true, newCommandTimeout: 600, pCloudy_ApiKey: xrm3kfqx5vgqddzczb3jm83m, pCloudy_ApplicationName: KFC_India.apk, pCloudy_DeviceFullName: GOOGLE_Pixel7Pro_Android_13..., pCloudy_DurationInMinutes: 7, pCloudy_EnableDeviceLogs: false, pCloudy_EnablePerformanceData: false, pCloudy_EnableVideo: true, pCloudy_Username: abhishek.dwivedi@crestechso..., pCloudy_WildNet: false, pixelRatio: 2.625, platform: LINUX, platformName: Android, platformVersion: 13, statBarHeight: 130, systemPort: 30514, takesScreenshot: true, viewportRect: {height: 2734, left: 0, top: 130, width: 1440}, warnings: {}, webStorageEnabled: false}
Session ID: 0d668405-84f3-4622-b225-ef7b89e51f02
*** Element info: {Using=xpath, value=//android.widget.Button[@content-desc='Change']}
at java.base/jdk.internal.reflect.NativeConstructorAccessorImpl.newInstance0(Native Method)
at java.base/jdk.internal.reflect.NativeConstructorAccessorImpl.newInstance(NativeConstructorAccessorImpl.java:64)
at java.base/jdk.internal.reflect.DelegatingConstructorAccessorImpl.newInstance(DelegatingConstructorAccessorImpl.java:45)
at java.base/java.lang.reflect.Constructor.newInstanceWithCaller(Constructor.java:500)
at java.base/java.lang.reflect.Constructor.newInstance(Constructor.java:481)
at org.openqa.selenium.remote.http.W3CHttpResponseCodec.createException(W3CHttpResponseCodec.java:187)
at org.openqa.selenium.remote.http.W3CHttpResponseCodec.decode(W3CHttpResponseCodec.java:122)
at org.openqa.selenium.remote.http.W3CHttpResponseCodec.decode(W3CHttpResponseCodec.java:49)
at org.openqa.selenium.remote.HttpCommandExecutor.execute(HttpCommandExecutor.java:158)
at io.appium.java_client.remote.AppiumCommandExecutor.execute(AppiumCommandExecutor.java:239)
at org.openqa.selenium.remote.RemoteWebDriver.execute(RemoteWebDriver.java:552)
at io.appium.java_client.DefaultGenericMobileDriver.execute(DefaultGenericMobileDriver.java:41)
at io.appium.java_client.AppiumDriver.execute(AppiumDriver.java:1)
at io.appium.java_client.android.AndroidDriver.execute(AndroidDriver.java:1)
at org.openqa.selenium.remote.RemoteWebDriver.findElement(RemoteWebDriver.java:323)
at io.appium.java_client.DefaultGenericMobileDriver.findElement(DefaultGenericMobileDriver.java:61)
at io.appium.java_client.AppiumDriver.findElement(AppiumDriver.java:1)
at io.appium.java_client.android.AndroidDriver.findElement(AndroidDriver.java:1)
at org.openqa.selenium.remote.RemoteWebDriver.findElementByXPath(RemoteWebDriver.java:428)
at io.appium.java_client.DefaultGenericMobileDriver.findElementByXPath(DefaultGenericMobileDriver.java:151)
at io.appium.java_client.AppiumDriver.findElementByXPath(AppiumDriver.java:1)
at io.appium.java_client.android.AndroidDriver.findElementByXPath(AndroidDriver.java:1)
at KFCTest.KFCTest_MultiDevices2.MakeAnOrderWithoutLogin(KFCTest_MultiDevices2.java:124)
at java.base/jdk.internal.reflect.NativeMethodAccessorImpl.invoke0(Native Method)
at java.base/jdk.internal.reflect.NativeMethodAccessorImpl.invoke(NativeMethodAccessorImpl.java:64)
at java.base/jdk.internal.reflect.DelegatingMethodAccessorImpl.invoke(DelegatingMethodAccessorImpl.java:43)
at java.base/java.lang.reflect.Method.invoke(Method.java:564)
at org.testng.internal.MethodInvocationHelper.invokeMethod(MethodInvocationHelper.java:133)
at org.testng.internal.TestInvoker.invokeMethod(TestInvoker.java:584)
at org.testng.internal.TestInvoker.invokeTestMethod(TestInvoker.java:172)
at org.testng.internal.MethodRunner.runInSequence(MethodRunner.java:46)
at org.testng.internal.TestInvoker$MethodInvocationAgent.invoke(TestInvoker.java:804)
at org.testng.internal.TestInvoker.invokeTestMethods(TestInvoker.java:145)
at org.testng.internal.TestMethodWorker.invokeTestMethods(TestMethodWorker.java:146)
at org.testng.internal.TestMethodWorker.run(TestMethodWorker.java:128)
at java.base/java.util.ArrayList.forEach(ArrayList.java:1511)
at org.testng.TestRunner.privateRun(TestRunner.java:770)
at org.testng.TestRunner.run(TestRunner.java:591)
at org.testng.SuiteRunner.runTest(SuiteRunner.java:402)
at org.testng.SuiteRunner.access$000(SuiteRunner.java:41)
at org.testng.SuiteRunner$SuiteWorker.run(SuiteRunner.java:443)
at org.testng.internal.thread.ThreadUtil.lambda$execute$0(ThreadUtil.java:67)
at java.base/java.util.concurrent.FutureTask.run(FutureTask.java:264)
at java.base/java.util.concurrent.ThreadPoolExecutor.runWorker(ThreadPoolExecutor.java:1130)
at java.base/java.util.concurrent.ThreadPoolExecutor$Worker.run(ThreadPoolExecutor.java:630)
at java.base/java.lang.Thread.run(Thread.java:832)
]]>
    </error>
  </testcase> <!-- MakeAnOrderWithoutLogin -->
</testsuite> <!-- KFCTest.KFCTest_MultiDevices2 -->
