<?xml version="1.0" encoding="UTF-8"?>
<!-- Generated by org.testng.reporters.JUnitReportReporter -->
<testsuite hostname="CTNL0089" failures="0" tests="1" name="KFCTest.Flutter" time="94.137" errors="0" timestamp="2024-01-23T16:19:54 IST" skipped="0">
  <testcase classname="KFCTest.Flutter" name="FlutterGuestLogIn" time="94.137"/>
</testsuite> <!-- KFCTest.Flutter -->
