<?xml version="1.0" encoding="UTF-8"?>
<!-- Generated by org.testng.reporters.JUnitReportReporter -->
<testsuite hostname="CTNL1556" failures="0" tests="1" name="AppiumThroughPcloudy_New" time="137.157" errors="0" timestamp="2023-05-11T10:23:26 IST" skipped="0">
  <testcase classname="AppiumThroughPcloudy_New" name="MakeAnOrderWithoutLogin" time="137.157"/>
</testsuite> <!-- AppiumThroughPcloudy_New -->
