<?xml version="1.0" encoding="UTF-8"?>
<!-- Generated by org.testng.reporters.JUnitReportReporter -->
<testsuite hostname="CTNL1556" failures="0" tests="1" name="AppiumThroughPcloudy" time="140.670" errors="0" timestamp="2023-05-10T11:28:28 IST" skipped="0">
  <testcase classname="AppiumThroughPcloudy" name="OpeningApp" time="140.670"/>
</testsuite> <!-- AppiumThroughPcloudy -->
